<?xml version="1.0" encoding="UTF-8"?>
<!-- Generated by org.testng.reporters.JUnitXMLReporter -->
<testsuite hostname="SQABOG-TGP2735" ignored="0" name="CaseTest" tests="4" failures="0" timestamp="26 sep 2018 21:54:33 GMT" time="4.94" errors="0">
  <testcase name="@BeforeClass setup" time="4.908" classname="tests.BaseTest">
    <failure type="java.lang.NullPointerException">
      <![CDATA[java.lang.NullPointerException
at tests.CaseTests.loginBootstrap(CaseTests.java:25)
at tests.BaseTest.setup(BaseTest.java:46)
at tests.Main.main(Main.java:37)
... Removed 23 stack frames]]>
    </failure>
  </testcase> <!-- @BeforeClass setup -->
  <testcase name="@AfterClass teardown" time="0.0" classname="tests.BaseTest">
    <skipped/>
  </testcase> <!-- @AfterClass teardown -->
  <testcase name="loginBootstrap" time="0.0" classname="tests.CaseTests">
    <skipped/>
  </testcase> <!-- loginBootstrap -->
  <testcase name="menuBootstrap" time="0.0" classname="tests.CaseTests">
    <skipped/>
  </testcase> <!-- menuBootstrap -->
  <testcase name="registroSistema" time="0.0" classname="tests.CaseTests">
    <skipped/>
  </testcase> <!-- registroSistema -->
  <testcase name="pruebaPosicion" time="0.0" classname="tests.CaseTests">
    <skipped/>
  </testcase> <!-- pruebaPosicion -->
</testsuite> <!-- CaseTest -->
