<?xml version="1.0" encoding="UTF-8"?>
<!-- Generated by org.testng.reporters.JUnitXMLReporter -->
<testsuite hostname="SQABOG-TGP2735" ignored="0" name="CaseTest" tests="4" failures="0" timestamp="27 sep 2018 14:13:11 GMT" time="15.859" errors="0">
  <testcase name="loginBootstrap" time="4.775" classname="tests.CaseTests"/>
  <testcase name="menuBootstrap" time="1.121" classname="tests.CaseTests"/>
  <testcase name="registroSistema" time="4.517" classname="tests.CaseTests"/>
  <testcase name="pruebaPosicion" time="0.0" classname="tests.CaseTests"/>
</testsuite> <!-- CaseTest -->
