<?xml version="1.0" encoding="UTF-8"?>
<!-- Generated by org.testng.reporters.JUnitXMLReporter -->
<testsuite hostname="SQABOG-TGP2735" ignored="0" name="CaseTest" tests="4" failures="0" timestamp="02 oct 2018 20:37:23 GMT" time="37.277" errors="0">
  <testcase name="loginBootstrap" time="8.406" classname="tests.CaseTests"/>
  <testcase name="menuBootstrap" time="2.34" classname="tests.CaseTests"/>
  <testcase name="registroSistema" time="5.494" classname="tests.CaseTests"/>
  <testcase name="pruebaPosicion" time="0.0" classname="tests.CaseTests"/>
</testsuite> <!-- CaseTest -->
