<?xml version="1.0" encoding="UTF-8"?>
<testsuite xmlns:xsi="http://www.w3.org/2001/XMLSchema-instance" xsi:schemaLocation="https://maven.apache.org/surefire/maven-surefire-plugin/xsd/surefire-test-report.xsd" name="TestSuite" time="39.148" tests="4" errors="0" skipped="0" failures="0">
  <properties>
[...]
</properties>
  <testcase name="loginBootstrap" classname="tests.CaseTests" time="8.406"/>
  <testcase name="menuBootstrap" classname="tests.CaseTests" time="2.34"/>
  <testcase name="registroSistema" classname="tests.CaseTests" time="5.491"/>
  <testcase name="pruebaPosicion" classname="tests.CaseTests" time="0"/>
</testsuite>