<?xml version="1.0" encoding="UTF-8"?>
<testng-results skipped="0" failed="0" ignored="0" total="4" passed="4">
  <reporter-output>
  </reporter-output>
  <suite name="N11 Test Suite" duration-ms="37277" started-at="2018-10-02T20:36:46Z" finished-at="2018-10-02T20:37:23Z">
    <groups>
    </groups>
    <test name="CaseTest" duration-ms="37277" started-at="2018-10-02T20:36:46Z" finished-at="2018-10-02T20:37:23Z">
      <class name="tests.CaseTests">
        <test-method status="PASS" signature="setup()[pri:0, instance:tests.CaseTests@28d25987]" name="setup" is-config="true" duration-ms="20215" started-at="2018-10-02T20:36:46Z" finished-at="2018-10-02T20:37:06Z">
          <reporter-output>
          </reporter-output>
        </test-method> <!-- setup -->
        <test-method status="PASS" signature="loginBootstrap()[pri:0, instance:tests.CaseTests@28d25987]" name="loginBootstrap" duration-ms="8406" started-at="2018-10-02T20:37:06Z" description="Escenario de inicio de sesion" finished-at="2018-10-02T20:37:15Z">
          <reporter-output>
          </reporter-output>
        </test-method> <!-- loginBootstrap -->
        <test-method status="PASS" signature="menuBootstrap()[pri:1, instance:tests.CaseTests@28d25987]" name="menuBootstrap" duration-ms="2340" started-at="2018-10-02T20:37:15Z" description="Menu de sistema" finished-at="2018-10-02T20:37:17Z">
          <reporter-output>
          </reporter-output>
        </test-method> <!-- menuBootstrap -->
        <test-method status="PASS" signature="registroSistema()[pri:2, instance:tests.CaseTests@28d25987]" name="registroSistema" duration-ms="5494" started-at="2018-10-02T20:37:17Z" description="Registro en el Sistema" finished-at="2018-10-02T20:37:22Z">
          <reporter-output>
          </reporter-output>
        </test-method> <!-- registroSistema -->
        <test-method status="PASS" signature="teardown()[pri:0, instance:tests.CaseTests@28d25987]" name="teardown" is-config="true" duration-ms="800" started-at="2018-10-02T20:37:22Z" finished-at="2018-10-02T20:37:23Z">
          <reporter-output>
          </reporter-output>
        </test-method> <!-- teardown -->
        <test-method status="PASS" signature="pruebaPosicion()[pri:3, instance:tests.CaseTests@28d25987]" name="pruebaPosicion" duration-ms="0" started-at="2018-10-02T20:37:22Z" description="Prueba Posicion" finished-at="2018-10-02T20:37:22Z">
          <reporter-output>
          </reporter-output>
        </test-method> <!-- pruebaPosicion -->
      </class> <!-- tests.CaseTests -->
    </test> <!-- CaseTest -->
  </suite> <!-- N11 Test Suite -->
</testng-results>
