<?xml version="1.0" encoding="UTF-8"?>
<!-- Generated by org.testng.reporters.JUnitXMLReporter -->
<testsuite hostname="SQABOG-TGP2735" ignored="0" name="Command line test" tests="1" failures="1" timestamp="26 sep 2018 22:06:05 GMT" time="5.86" errors="0">
  <testcase name="loginBootstrap" time="0.104" classname="tests.BaseTest">
    <failure type="java.lang.NullPointerException">
      <![CDATA[java.lang.NullPointerException
at tests.BaseTest.loginBootstrap(BaseTest.java:54)
at tests.Main.main(Main.java:44)
... Removed 22 stack frames]]>
    </failure>
  </testcase> <!-- loginBootstrap -->
</testsuite> <!-- Command line test -->
